<?xml version="1.0" encoding="UTF-8"?>
<!-- Generated by org.testng.reporters.JUnitXMLReporter -->
<testsuite hostname="LAPTOP-4C7TGBCE" name="EclipseMavenFirst" tests="3" failures="0" timestamp="26 Apr 2018 09:38:37 GMT" time="0.048" errors="0">
  <testcase name="AddTwo" time="0.022" classname="MavenTests.TestMaven"/>
  <testcase name="AddThree" time="0.001" classname="MavenTests.TestMaven"/>
  <testcase name="A" time="0.001" classname="MavenTests.TestMaven"/>
</testsuite> <!-- EclipseMavenFirst -->
