<?xml version="1.0" encoding="UTF-8"?>
<testng-results skipped="0" failed="0" total="3" passed="3">
  <reporter-output>
  </reporter-output>
  <suite name="MavenSuite" duration-ms="48" started-at="2018-04-26T09:38:36Z" finished-at="2018-04-26T09:38:36Z">
    <groups>
      <group name="Sanity">
        <method signature="TestMaven.AddTwo()[pri:0, instance:MavenTests.TestMaven@5b464ce8]" name="AddTwo" class="MavenTests.TestMaven"/>
      </group> <!-- Sanity -->
    </groups>
    <test name="EclipseMavenFirst" duration-ms="48" started-at="2018-04-26T09:38:36Z" finished-at="2018-04-26T09:38:36Z">
      <class name="MavenTests.TestMaven">
        <test-method status="PASS" signature="AddTwo()[pri:0, instance:MavenTests.TestMaven@5b464ce8]" name="AddTwo" duration-ms="22" started-at="2018-04-26T15:08:36Z" description="This Test Method is for Addition" finished-at="2018-04-26T15:08:36Z">
          <reporter-output>
          </reporter-output>
        </test-method> <!-- AddTwo -->
        <test-method status="PASS" signature="AddThree()[pri:0, instance:MavenTests.TestMaven@5b464ce8]" name="AddThree" duration-ms="1" started-at="2018-04-26T15:08:36Z" finished-at="2018-04-26T15:08:36Z">
          <reporter-output>
          </reporter-output>
        </test-method> <!-- AddThree -->
        <test-method status="PASS" signature="A()[pri:0, instance:MavenTests.TestMaven@5b464ce8]" name="A" duration-ms="1" started-at="2018-04-26T15:08:36Z" finished-at="2018-04-26T15:08:36Z">
          <reporter-output>
          </reporter-output>
        </test-method> <!-- A -->
      </class> <!-- MavenTests.TestMaven -->
    </test> <!-- EclipseMavenFirst -->
  </suite> <!-- MavenSuite -->
</testng-results>
