<?xml version="1.0" encoding="UTF-8"?>
<testng-results skipped="0" failed="0" ignored="0" total="3" passed="3">
  <reporter-output>
  </reporter-output>
  <suite name="MavenSuite" duration-ms="399" started-at="2018-04-26T09:17:19Z" finished-at="2018-04-26T09:17:19Z">
    <groups>
      <group name="Sanity">
        <method signature="TestMaven.AddTwo()[pri:1, instance:MavenTests.TestMaven@66a3ffec]" name="AddTwo" class="MavenTests.TestMaven"/>
      </group> <!-- Sanity -->
    </groups>
    <test name="EclipseMavenFirst" duration-ms="399" started-at="2018-04-26T09:17:19Z" finished-at="2018-04-26T09:17:19Z">
      <class name="MavenTests.TestMaven">
        <test-method status="PASS" signature="AddTwo()[pri:1, instance:MavenTests.TestMaven@66a3ffec]" name="AddTwo" duration-ms="42" started-at="2018-04-26T09:17:19Z" description="This Test Method is for Addition" finished-at="2018-04-26T09:17:19Z">
          <reporter-output>
          </reporter-output>
        </test-method> <!-- AddTwo -->
        <test-method status="PASS" signature="AddThree()[pri:2, instance:MavenTests.TestMaven@66a3ffec]" name="AddThree" duration-ms="2" started-at="2018-04-26T09:17:19Z" finished-at="2018-04-26T09:17:19Z">
          <reporter-output>
          </reporter-output>
        </test-method> <!-- AddThree -->
        <test-method status="PASS" signature="A()[pri:3, instance:MavenTests.TestMaven@66a3ffec]" name="A" duration-ms="2" started-at="2018-04-26T09:17:19Z" finished-at="2018-04-26T09:17:19Z">
          <reporter-output>
          </reporter-output>
        </test-method> <!-- A -->
      </class> <!-- MavenTests.TestMaven -->
    </test> <!-- EclipseMavenFirst -->
  </suite> <!-- MavenSuite -->
</testng-results>
